[ERROR  ] Error when copying logo directory
Traceback (most recent call last):
  File "/data/user/0/org.qpython.qpy/files/lib/python2.7/site-packages/kivy_u4_qpython-1.10.0-py2.7.egg/kivy/__init__.py", line 324, in <module>
    shutil.copytree(join(kivy_data_dir, 'logo'), icon_dir)
  File "/data/user/0/org.qpython.qpy/files/lib/python27.zip/shutil.py", line 208, in copytree
    raise Error, errors
Error: [('/data/user/0/org.qpython.qpy/files/lib/python2.7/site-packages/kivy_u4_qpython-1.10.0-py2.7.egg/kivy/data/logo/kivy-icon-128.png', u'/storage/emulated/0/qpython/projects/KivySample/.kivy/icon/kivy-icon-128.png', "[Errno 1] Operation not permitted: '/storage/emulated/0/qpython/projects/KivySample/.kivy/icon/kivy-icon-128.png'"), ('/data/user/0/org.qpython.qpy/files/lib/python2.7/site-packages/kivy_u4_qpython-1.10.0-py2.7.egg/kivy/data/logo/kivy-icon-16.png', u'/storage/emulated/0/qpython/projects/KivySample/.kivy/icon/kivy-icon-16.png', "[Errno 1] Operation not permitted: '/storage/emulated/0/qpython/projects/KivySample/.kivy/icon/kivy-icon-16.png'"), ('/data/user/0/org.qpython.qpy/files/lib/python2.7/site-packages/kivy_u4_qpython-1.10.0-py2.7.egg/kivy/data/logo/kivy-icon-24.png', u'/storage/emulated/0/qpython/projects/KivySample/.kivy/icon/kivy-icon-24.png', "[Errno 1] Operation not permitted: '/storage/emulated/0/qpython/projects/KivySample/.kivy/icon/kivy-icon-24.png'"), ('/data/user/0/org.qpython.qpy/files/lib/python2.7/site-packages/kivy_u4_qpython-1.10.0-py2.7.egg/kivy/data/logo/kivy-icon-256.png', u'/storage/emulated/0/qpython/projects/KivySample/.kivy/icon/kivy-icon-256.png', "[Errno 1] Operation not permitted: '/storage/emulated/0/qpython/projects/KivySample/.kivy/icon/kivy-icon-256.png'"), ('/data/user/0/org.qpython.qpy/files/lib/python2.7/site-packages/kivy_u4_qpython-1.10.0-py2.7.egg/kivy/data/logo/kivy-icon-32.png', u'/storage/emulated/0/qpython/projects/KivySample/.kivy/icon/kivy-icon-32.png', "[Errno 1] Operation not permitted: '/storage/emulated/0/qpython/projects/KivySample/.kivy/icon/kivy-icon-32.png'"), ('/data/user/0/org.qpython.qpy/files/lib/python2.7/site-packages/kivy_u4_qpython-1.10.0-py2.7.egg/kivy/data/logo/kivy-icon-48.png', u'/storage/emulated/0/qpython/projects/KivySample/.kivy/icon/kivy-icon-48.png', "[Errno 1] Operation not permitted: '/storage/emulated/0/qpython/projects/KivySample/.kivy/icon/kivy-icon-48.png'"), ('/data/user/0/org.qpython.qpy/files/lib/python2.7/site-packages/kivy_u4_qpython-1.10.0-py2.7.egg/kivy/data/logo/kivy-icon-512.png', u'/storage/emulated/0/qpython/projects/KivySample/.kivy/icon/kivy-icon-512.png', "[Errno 1] Operation not permitted: '/storage/emulated/0/qpython/projects/KivySample/.kivy/icon/kivy-icon-512.png'"), ('/data/user/0/org.qpython.qpy/files/lib/python2.7/site-packages/kivy_u4_qpython-1.10.0-py2.7.egg/kivy/data/logo/kivy-icon-64.ico', u'/storage/emulated/0/qpython/projects/KivySample/.kivy/icon/kivy-icon-64.ico', "[Errno 1] Operation not permitted: '/storage/emulated/0/qpython/projects/KivySample/.kivy/icon/kivy-icon-64.ico'"), ('/data/user/0/org.qpython.qpy/files/lib/python2.7/site-packages/kivy_u4_qpython-1.10.0-py2.7.egg/kivy/data/logo/kivy-icon-64.png', u'/storage/emulated/0/qpython/projects/KivySample/.kivy/icon/kivy-icon-64.png', "[Errno 1] Operation not permitted: '/storage/emulated/0/qpython/projects/KivySample/.kivy/icon/kivy-icon-64.png'"), ('/data/user/0/org.qpython.qpy/files/lib/python2.7/site-packages/kivy_u4_qpython-1.10.0-py2.7.egg/kivy/data/logo', u'/storage/emulated/0/qpython/projects/KivySample/.kivy/icon', "[Errno 1] Operation not permitted: '/storage/emulated/0/qpython/projects/KivySample/.kivy/icon'")]
[WARNING] [Config      ] Older configuration version detected (0 instead of 19)
[WARNING] [Config      ] Upgrading configuration in progress.
[INFO   ] [Kivy        ] v1.10.0
[INFO   ] [Python      ] v2.7.12 (default, Nov 21 2017, 21:49:35) 
[GCC 4.9.x 20150123 (prerelease)]
[INFO   ] [Factory     ] 194 symbols loaded
[INFO   ] [Image       ] Providers: img_tex, img_dds, img_pygame, img_pil, img_gif (img_ffpyplayer ignored)
[INFO   ] [Window      ] Provider: pygame
[INFO   ] [GL          ] Using the "OpenGL ES 2" graphics system
[INFO   ] [GL          ] Backend used <gl>
[INFO   ] [GL          ] OpenGL version <OpenGL ES 3.2 v1.r15p0-00rel0.4803212d43e88d10fde1b8468b3dc233>
[INFO   ] [GL          ] OpenGL vendor <ARM>
[INFO   ] [GL          ] OpenGL renderer <Mali-T830>
[INFO   ] [GL          ] OpenGL parsed version: 3, 2
[INFO   ] [GL          ] Texture max size <8192>
[INFO   ] [GL          ] Texture max units <16>
 Traceback (most recent call last):
   File "/data/user/0/org.qpython.qpy/files/lib/python27.zip/logging/__init__.py", line 882, in emit
     stream.write(fs % msg)
   File "<string>", line 23, in write
 TypeError: argument 1 must be string without null bytes, not str
 Logged from file __init__.py, line 1051
[ERROR  ] [Shader      ] GL error 1281
[INFO   ] [Support     ] Android install hooks
[INFO   ] [Window      ] virtual keyboard not allowed, single mode, not docked
[INFO   ] [GL          ] NPOT texture support is available
[INFO   ] [Text        ] Provider: pygame
[INFO   ] [OSC         ] using <multiprocessing> for socket
[INFO   ] [Base        ] Start application main loop
[INFO   ] [Android     ] found 17 joystick
[INFO   ] [Android     ] create joystick <0>
[INFO   ] [Android     ] discard joystick <0> cause no button
[INFO   ] [Android     ] create joystick <1>
[INFO   ] [Android     ] create joystick <2>
[INFO   ] [Android     ] create joystick <3>
[INFO   ] [Android     ] create joystick <4>
[INFO   ] [Android     ] create joystick <5>
[INFO   ] [Android     ] create joystick <6>
[INFO   ] [Android     ] create joystick <7>
[INFO   ] [Android     ] create joystick <8>
[INFO   ] [Android     ] create joystick <9>
[INFO   ] [Android     ] create joystick <10>
[INFO   ] [Android     ] create joystick <11>
[INFO   ] [Android     ] create joystick <12>
[INFO   ] [Android     ] create joystick <13>
[INFO   ] [Android     ] create joystick <14>
[INFO   ] [Android     ] create joystick <15>
[INFO   ] [Android     ] create joystick <16>
[ERROR  ] [Base        ] Failed to import "android" module. Could not remove android presplash.
[INFO   ] [Base        ] Leaving application in progress...

